10:51:46.820 [main] DEBUG org.apache.poi.openxml4j.opc.PackageRelationshipCollection - Parsing relationship: /_rels/.rels
10:51:46.863 [main] DEBUG org.apache.poi.openxml4j.opc.PackageRelationshipCollection - Parsing relationship: /xl/_rels/workbook.xml.rels
10:51:46.865 [main] DEBUG org.apache.poi.openxml4j.opc.PackageRelationshipCollection - Parsing relationship: /xl/worksheets/_rels/sheet1.xml.rels
10:51:46.870 [main] DEBUG org.apache.poi.openxml4j.opc.PackageRelationshipCollection - Parsing relationship: /_rels/.rels
10:51:46.915 [main] DEBUG org.apache.poi.openxml4j.opc.PackageRelationshipCollection - Parsing relationship: /xl/_rels/workbook.xml.rels
10:51:46.917 [main] DEBUG org.apache.poi.openxml4j.opc.PackageRelationshipCollection - Parsing relationship: /xl/worksheets/_rels/sheet1.xml.rels
10:51:46.919 [main] DEBUG org.apache.poi.openxml4j.opc.PackageRelationshipCollection - Parsing relationship: /_rels/.rels
10:51:46.954 [main] DEBUG org.apache.poi.openxml4j.opc.PackageRelationshipCollection - Parsing relationship: /xl/_rels/workbook.xml.rels
10:51:46.958 [main] DEBUG org.apache.poi.openxml4j.opc.PackageRelationshipCollection - Parsing relationship: /xl/worksheets/_rels/sheet1.xml.rels
10:51:46.961 [main] DEBUG org.apache.poi.openxml4j.opc.PackageRelationshipCollection - Parsing relationship: /_rels/.rels
10:51:46.989 [main] DEBUG org.apache.poi.openxml4j.opc.PackageRelationshipCollection - Parsing relationship: /xl/_rels/workbook.xml.rels
10:51:46.991 [main] DEBUG org.apache.poi.openxml4j.opc.PackageRelationshipCollection - Parsing relationship: /xl/worksheets/_rels/sheet1.xml.rels
10:51:46.992 [main] DEBUG org.apache.poi.openxml4j.opc.PackageRelationshipCollection - Parsing relationship: /_rels/.rels
10:51:47.021 [main] DEBUG org.apache.poi.openxml4j.opc.PackageRelationshipCollection - Parsing relationship: /xl/_rels/workbook.xml.rels
10:51:47.023 [main] DEBUG org.apache.poi.openxml4j.opc.PackageRelationshipCollection - Parsing relationship: /xl/worksheets/_rels/sheet1.xml.rels
10:51:47.024 [main] DEBUG org.apache.poi.openxml4j.opc.PackageRelationshipCollection - Parsing relationship: /_rels/.rels
10:51:47.110 [main] DEBUG org.apache.poi.openxml4j.opc.PackageRelationshipCollection - Parsing relationship: /xl/_rels/workbook.xml.rels
10:51:47.112 [main] DEBUG org.apache.poi.openxml4j.opc.PackageRelationshipCollection - Parsing relationship: /xl/worksheets/_rels/sheet1.xml.rels
10:51:47.114 [main] DEBUG org.apache.poi.openxml4j.opc.PackageRelationshipCollection - Parsing relationship: /_rels/.rels
10:51:47.157 [main] DEBUG org.apache.poi.openxml4j.opc.PackageRelationshipCollection - Parsing relationship: /xl/_rels/workbook.xml.rels
10:51:47.158 [main] DEBUG org.apache.poi.openxml4j.opc.PackageRelationshipCollection - Parsing relationship: /xl/worksheets/_rels/sheet1.xml.rels
10:51:47.160 [main] DEBUG org.apache.poi.openxml4j.opc.PackageRelationshipCollection - Parsing relationship: /_rels/.rels
10:51:47.192 [main] DEBUG org.apache.poi.openxml4j.opc.PackageRelationshipCollection - Parsing relationship: /xl/_rels/workbook.xml.rels
10:51:47.194 [main] DEBUG org.apache.poi.openxml4j.opc.PackageRelationshipCollection - Parsing relationship: /xl/worksheets/_rels/sheet1.xml.rels
10:51:47.195 [main] DEBUG org.apache.poi.openxml4j.opc.PackageRelationshipCollection - Parsing relationship: /_rels/.rels
10:51:47.227 [main] DEBUG org.apache.poi.openxml4j.opc.PackageRelationshipCollection - Parsing relationship: /xl/_rels/workbook.xml.rels
10:51:47.229 [main] DEBUG org.apache.poi.openxml4j.opc.PackageRelationshipCollection - Parsing relationship: /xl/worksheets/_rels/sheet1.xml.rels
10:51:47.231 [main] DEBUG org.apache.poi.openxml4j.opc.PackageRelationshipCollection - Parsing relationship: /_rels/.rels
10:51:47.268 [main] DEBUG org.apache.poi.openxml4j.opc.PackageRelationshipCollection - Parsing relationship: /xl/_rels/workbook.xml.rels
10:51:47.270 [main] DEBUG org.apache.poi.openxml4j.opc.PackageRelationshipCollection - Parsing relationship: /xl/worksheets/_rels/sheet1.xml.rels
10:51:47.271 [main] DEBUG org.apache.poi.openxml4j.opc.PackageRelationshipCollection - Parsing relationship: /_rels/.rels
10:55:38.793 [main] DEBUG org.testng.TestNG - suiteXmlPath: "C:\Users\gramk\eclipse-workspace\PageOjectModel\master.xml"
10:55:39.290 [main] TRACE org.testng.internal.Graph - [Graph] ADDING NODE BaseTest.setUp(java.lang.String,java.lang.String)[pri:0, instance:null] -882242976
10:55:39.291 [main] TRACE org.testng.internal.Graph - [Graph] ================ SORTING
10:55:39.297 [main] TRACE org.testng.internal.Graph - [Graph] =============== DONE SORTING
10:55:39.298 [main] TRACE org.testng.internal.Graph - [Graph] ====== SORTED NODES
10:55:39.298 [main] TRACE org.testng.internal.Graph - [Graph] ====== END SORTED NODES
10:55:39.302 [main] TRACE org.testng.internal.Graph - [Graph] ADDING NODE BaseTest.tearDown()[pri:0, instance:null] 1361372951
10:55:39.302 [main] TRACE org.testng.internal.Graph - [Graph] ================ SORTING
10:55:39.302 [main] TRACE org.testng.internal.Graph - [Graph] =============== DONE SORTING
10:55:39.302 [main] TRACE org.testng.internal.Graph - [Graph] ====== SORTED NODES
10:55:39.302 [main] TRACE org.testng.internal.Graph - [Graph] ====== END SORTED NODES
10:55:39.318 [main] TRACE org.testng.internal.Graph - [Graph] ADDING NODE TC001_AccountRegistrationTest.verify_AccountRegistration()[pri:0, instance:TestCases.TC001_AccountRegistrationTest@29e6eb25] -1950382200
10:55:39.318 [main] TRACE org.testng.internal.Graph - [Graph] ================ SORTING
10:55:39.318 [main] TRACE org.testng.internal.Graph - [Graph] =============== DONE SORTING
10:55:39.319 [main] TRACE org.testng.internal.Graph - [Graph] ====== SORTED NODES
10:55:39.319 [main] TRACE org.testng.internal.Graph - [Graph] ====== END SORTED NODES
10:55:39.336 [main] INFO  org.testng.internal.Utils - [TestNG] Running:
  C:\Users\gramk\eclipse-workspace\PageOjectModel\master.xml

10:55:44.598 [main] INFO  TestCases.TC001_AccountRegistrationTest - ***Starting TC001_AccountRegistrationTest***
10:55:44.628 [main] INFO  TestCases.TC001_AccountRegistrationTest - clicking on the MyAccountLink
10:55:44.737 [main] INFO  TestCases.TC001_AccountRegistrationTest - clicking on the RegisterLink Link
10:55:45.145 [main] INFO  TestCases.TC001_AccountRegistrationTest - Providing the Customer details to register account
10:55:47.198 [main] INFO  TestCases.TC001_AccountRegistrationTest - Validating the confirmation Message
10:55:47.202 [main] INFO  TestCases.TC001_AccountRegistrationTest - ***Ending TC001_AccountRegistrationTest***
10:57:46.643 [main] DEBUG org.testng.TestNG - suiteXmlPath: "C:\Users\gramk\eclipse-workspace\PageOjectModel\master.xml"
10:57:47.133 [main] TRACE org.testng.internal.Graph - [Graph] ADDING NODE BaseTest.setUp(java.lang.String,java.lang.String)[pri:0, instance:null] -882242976
10:57:47.133 [main] TRACE org.testng.internal.Graph - [Graph] ================ SORTING
10:57:47.138 [main] TRACE org.testng.internal.Graph - [Graph] =============== DONE SORTING
10:57:47.138 [main] TRACE org.testng.internal.Graph - [Graph] ====== SORTED NODES
10:57:47.139 [main] TRACE org.testng.internal.Graph - [Graph] ====== END SORTED NODES
10:57:47.143 [main] TRACE org.testng.internal.Graph - [Graph] ADDING NODE BaseTest.tearDown()[pri:0, instance:null] 1361372951
10:57:47.143 [main] TRACE org.testng.internal.Graph - [Graph] ================ SORTING
10:57:47.144 [main] TRACE org.testng.internal.Graph - [Graph] =============== DONE SORTING
10:57:47.144 [main] TRACE org.testng.internal.Graph - [Graph] ====== SORTED NODES
10:57:47.144 [main] TRACE org.testng.internal.Graph - [Graph] ====== END SORTED NODES
10:57:47.162 [main] TRACE org.testng.internal.Graph - [Graph] ADDING NODE TC001_AccountRegistrationTest.verify_AccountRegistration()[pri:0, instance:TestCases.TC001_AccountRegistrationTest@269f4bad] -2005407728
10:57:47.162 [main] TRACE org.testng.internal.Graph - [Graph] ================ SORTING
10:57:47.162 [main] TRACE org.testng.internal.Graph - [Graph] =============== DONE SORTING
10:57:47.163 [main] TRACE org.testng.internal.Graph - [Graph] ====== SORTED NODES
10:57:47.164 [main] TRACE org.testng.internal.Graph - [Graph] ====== END SORTED NODES
10:57:47.181 [main] INFO  org.testng.internal.Utils - [TestNG] Running:
  C:\Users\gramk\eclipse-workspace\PageOjectModel\master.xml

10:57:51.966 [main] INFO  TestCases.TC001_AccountRegistrationTest - ***Starting TC001_AccountRegistrationTest***
10:57:52.047 [main] INFO  TestCases.TC001_AccountRegistrationTest - clicking on the MyAccountLink
10:57:52.236 [main] INFO  TestCases.TC001_AccountRegistrationTest - clicking on the RegisterLink Link
10:57:52.630 [main] INFO  TestCases.TC001_AccountRegistrationTest - Providing the Customer details to register account
10:57:55.286 [main] INFO  TestCases.TC001_AccountRegistrationTest - Validating the confirmation Message
10:57:55.291 [main] INFO  TestCases.TC001_AccountRegistrationTest - ***Ending TC001_AccountRegistrationTest***
11:05:22.445 [main] DEBUG org.testng.TestNG - suiteXmlPath: "C:\Users\gramk\eclipse-workspace\PageOjectModel\master.xml"
11:05:22.912 [main] TRACE org.testng.internal.Graph - [Graph] ADDING NODE BaseTest.setUp(java.lang.String,java.lang.String)[pri:0, instance:null] -882242976
11:05:22.913 [main] TRACE org.testng.internal.Graph - [Graph] ================ SORTING
11:05:22.918 [main] TRACE org.testng.internal.Graph - [Graph] =============== DONE SORTING
11:05:22.918 [main] TRACE org.testng.internal.Graph - [Graph] ====== SORTED NODES
11:05:22.918 [main] TRACE org.testng.internal.Graph - [Graph] ====== END SORTED NODES
11:05:22.923 [main] TRACE org.testng.internal.Graph - [Graph] ADDING NODE BaseTest.tearDown()[pri:0, instance:null] 1361372951
11:05:22.923 [main] TRACE org.testng.internal.Graph - [Graph] ================ SORTING
11:05:22.924 [main] TRACE org.testng.internal.Graph - [Graph] =============== DONE SORTING
11:05:22.924 [main] TRACE org.testng.internal.Graph - [Graph] ====== SORTED NODES
11:05:22.924 [main] TRACE org.testng.internal.Graph - [Graph] ====== END SORTED NODES
11:05:22.942 [main] TRACE org.testng.internal.Graph - [Graph] ADDING NODE TC001_AccountRegistrationTest.verify_AccountRegistration()[pri:0, instance:TestCases.TC001_AccountRegistrationTest@269f4bad] -2005407728
11:05:22.942 [main] TRACE org.testng.internal.Graph - [Graph] ================ SORTING
11:05:22.942 [main] TRACE org.testng.internal.Graph - [Graph] =============== DONE SORTING
11:05:22.943 [main] TRACE org.testng.internal.Graph - [Graph] ====== SORTED NODES
11:05:22.943 [main] TRACE org.testng.internal.Graph - [Graph] ====== END SORTED NODES
11:05:22.962 [main] INFO  org.testng.internal.Utils - [TestNG] Running:
  C:\Users\gramk\eclipse-workspace\PageOjectModel\master.xml

11:05:29.961 [main] INFO  TestCases.TC001_AccountRegistrationTest - ***Starting TC001_AccountRegistrationTest***
11:05:30.005 [main] INFO  TestCases.TC001_AccountRegistrationTest - clicking on the MyAccountLink
11:05:30.147 [main] INFO  TestCases.TC001_AccountRegistrationTest - clicking on the RegisterLink Link
11:05:31.180 [main] INFO  TestCases.TC001_AccountRegistrationTest - Providing the Customer details to register account
11:05:33.160 [main] INFO  TestCases.TC001_AccountRegistrationTest - Validating the confirmation Message
11:05:33.165 [main] INFO  TestCases.TC001_AccountRegistrationTest - ***Ending TC001_AccountRegistrationTest***
11:08:47.650 [main] DEBUG org.testng.TestNG - suiteXmlPath: "C:\Users\gramk\eclipse-workspace\PageOjectModel\master.xml"
11:08:48.113 [main] TRACE org.testng.internal.Graph - [Graph] ADDING NODE BaseTest.setUp(java.lang.String,java.lang.String)[pri:0, instance:null] -882242976
11:08:48.114 [main] TRACE org.testng.internal.Graph - [Graph] ================ SORTING
11:08:48.119 [main] TRACE org.testng.internal.Graph - [Graph] =============== DONE SORTING
11:08:48.119 [main] TRACE org.testng.internal.Graph - [Graph] ====== SORTED NODES
11:08:48.119 [main] TRACE org.testng.internal.Graph - [Graph] ====== END SORTED NODES
11:08:48.123 [main] TRACE org.testng.internal.Graph - [Graph] ADDING NODE BaseTest.tearDown()[pri:0, instance:null] 1361372951
11:08:48.124 [main] TRACE org.testng.internal.Graph - [Graph] ================ SORTING
11:08:48.124 [main] TRACE org.testng.internal.Graph - [Graph] =============== DONE SORTING
11:08:48.124 [main] TRACE org.testng.internal.Graph - [Graph] ====== SORTED NODES
11:08:48.124 [main] TRACE org.testng.internal.Graph - [Graph] ====== END SORTED NODES
11:08:48.137 [main] TRACE org.testng.internal.Graph - [Graph] ADDING NODE TC001_AccountRegistrationTest.verify_AccountRegistration()[pri:0, instance:TestCases.TC001_AccountRegistrationTest@269f4bad] -2005407728
11:08:48.137 [main] TRACE org.testng.internal.Graph - [Graph] ================ SORTING
11:08:48.139 [main] TRACE org.testng.internal.Graph - [Graph] =============== DONE SORTING
11:08:48.139 [main] TRACE org.testng.internal.Graph - [Graph] ====== SORTED NODES
11:08:48.139 [main] TRACE org.testng.internal.Graph - [Graph] ====== END SORTED NODES
11:08:48.157 [main] INFO  org.testng.internal.Utils - [TestNG] Running:
  C:\Users\gramk\eclipse-workspace\PageOjectModel\master.xml

11:08:52.196 [main] INFO  TestCases.TC001_AccountRegistrationTest - ***Starting TC001_AccountRegistrationTest***
11:08:52.238 [main] INFO  TestCases.TC001_AccountRegistrationTest - clicking on the MyAccountLink
11:08:52.390 [main] INFO  TestCases.TC001_AccountRegistrationTest - clicking on the RegisterLink Link
11:08:52.770 [main] INFO  TestCases.TC001_AccountRegistrationTest - Providing the Customer details to register account
11:08:54.582 [main] INFO  TestCases.TC001_AccountRegistrationTest - Validating the confirmation Message
11:08:54.588 [main] INFO  TestCases.TC001_AccountRegistrationTest - ***Ending TC001_AccountRegistrationTest***
11:12:44.819 [main] DEBUG org.testng.TestNG - suiteXmlPath: "C:\Users\gramk\eclipse-workspace\PageOjectModel\master.xml"
11:12:45.296 [main] TRACE org.testng.internal.Graph - [Graph] ADDING NODE BaseTest.setUp(java.lang.String,java.lang.String)[pri:0, instance:null] -882242976
11:12:45.297 [main] TRACE org.testng.internal.Graph - [Graph] ================ SORTING
11:12:45.303 [main] TRACE org.testng.internal.Graph - [Graph] =============== DONE SORTING
11:12:45.303 [main] TRACE org.testng.internal.Graph - [Graph] ====== SORTED NODES
11:12:45.303 [main] TRACE org.testng.internal.Graph - [Graph] ====== END SORTED NODES
11:12:45.308 [main] TRACE org.testng.internal.Graph - [Graph] ADDING NODE BaseTest.tearDown()[pri:0, instance:null] 1361372951
11:12:45.308 [main] TRACE org.testng.internal.Graph - [Graph] ================ SORTING
11:12:45.308 [main] TRACE org.testng.internal.Graph - [Graph] =============== DONE SORTING
11:12:45.309 [main] TRACE org.testng.internal.Graph - [Graph] ====== SORTED NODES
11:12:45.309 [main] TRACE org.testng.internal.Graph - [Graph] ====== END SORTED NODES
11:12:45.326 [main] TRACE org.testng.internal.Graph - [Graph] ADDING NODE TC001_AccountRegistrationTest.verify_AccountRegistration()[pri:0, instance:TestCases.TC001_AccountRegistrationTest@269f4bad] -2005407728
11:12:45.327 [main] TRACE org.testng.internal.Graph - [Graph] ================ SORTING
11:12:45.327 [main] TRACE org.testng.internal.Graph - [Graph] =============== DONE SORTING
11:12:45.327 [main] TRACE org.testng.internal.Graph - [Graph] ====== SORTED NODES
11:12:45.328 [main] TRACE org.testng.internal.Graph - [Graph] ====== END SORTED NODES
11:12:45.350 [main] INFO  org.testng.internal.Utils - [TestNG] Running:
  C:\Users\gramk\eclipse-workspace\PageOjectModel\master.xml

11:12:50.203 [main] INFO  TestCases.TC001_AccountRegistrationTest - ***Starting TC001_AccountRegistrationTest***
11:12:50.246 [main] INFO  TestCases.TC001_AccountRegistrationTest - clicking on the MyAccountLink
11:12:50.388 [main] INFO  TestCases.TC001_AccountRegistrationTest - clicking on the RegisterLink Link
11:12:50.782 [main] INFO  TestCases.TC001_AccountRegistrationTest - Providing the Customer details to register account
11:12:52.479 [main] INFO  TestCases.TC001_AccountRegistrationTest - Validating the confirmation Message
11:12:52.485 [main] INFO  TestCases.TC001_AccountRegistrationTest - ***Ending TC001_AccountRegistrationTest***
11:21:41.168 [main] DEBUG org.testng.TestNG - suiteXmlPath: "C:\Users\gramk\eclipse-workspace\PageOjectModel\master.xml"
11:21:41.645 [main] TRACE org.testng.internal.Graph - [Graph] ADDING NODE BaseTest.setUp(java.lang.String,java.lang.String)[pri:0, instance:null] -882242976
11:21:41.647 [main] TRACE org.testng.internal.Graph - [Graph] ================ SORTING
11:21:41.650 [main] TRACE org.testng.internal.Graph - [Graph] =============== DONE SORTING
11:21:41.651 [main] TRACE org.testng.internal.Graph - [Graph] ====== SORTED NODES
11:21:41.651 [main] TRACE org.testng.internal.Graph - [Graph] ====== END SORTED NODES
11:21:41.655 [main] TRACE org.testng.internal.Graph - [Graph] ADDING NODE BaseTest.tearDown()[pri:0, instance:null] 1361372951
11:21:41.655 [main] TRACE org.testng.internal.Graph - [Graph] ================ SORTING
11:21:41.656 [main] TRACE org.testng.internal.Graph - [Graph] =============== DONE SORTING
11:21:41.656 [main] TRACE org.testng.internal.Graph - [Graph] ====== SORTED NODES
11:21:41.656 [main] TRACE org.testng.internal.Graph - [Graph] ====== END SORTED NODES
11:21:41.672 [main] TRACE org.testng.internal.Graph - [Graph] ADDING NODE TC001_AccountRegistrationTest.verify_AccountRegistration()[pri:0, instance:TestCases.TC001_AccountRegistrationTest@269f4bad] -2005407728
11:21:41.672 [main] TRACE org.testng.internal.Graph - [Graph] ================ SORTING
11:21:41.672 [main] TRACE org.testng.internal.Graph - [Graph] =============== DONE SORTING
11:21:41.672 [main] TRACE org.testng.internal.Graph - [Graph] ====== SORTED NODES
11:21:41.673 [main] TRACE org.testng.internal.Graph - [Graph] ====== END SORTED NODES
11:21:41.692 [main] INFO  org.testng.internal.Utils - [TestNG] Running:
  C:\Users\gramk\eclipse-workspace\PageOjectModel\master.xml

11:21:46.779 [main] INFO  TestCases.TC001_AccountRegistrationTest - ***Starting TC001_AccountRegistrationTest***
11:21:46.829 [main] INFO  TestCases.TC001_AccountRegistrationTest - clicking on the MyAccountLink
11:21:46.995 [main] INFO  TestCases.TC001_AccountRegistrationTest - clicking on the RegisterLink Link
11:21:47.369 [main] INFO  TestCases.TC001_AccountRegistrationTest - Providing the Customer details to register account
11:21:49.282 [main] INFO  TestCases.TC001_AccountRegistrationTest - Validating the confirmation Message
11:21:49.285 [main] INFO  TestCases.TC001_AccountRegistrationTest - ***Ending TC001_AccountRegistrationTest***
18:09:32.773 [main] DEBUG org.testng.TestNG - suiteXmlPath: "C:\Users\gramk\eclipse-workspace\PageOjectModel\master.xml"
18:09:33.435 [main] TRACE org.testng.internal.Graph - [Graph] ADDING NODE BaseTest.setUp(java.lang.String,java.lang.String)[pri:0, instance:null] -882242976
18:09:33.436 [main] TRACE org.testng.internal.Graph - [Graph] ================ SORTING
18:09:33.444 [main] TRACE org.testng.internal.Graph - [Graph] =============== DONE SORTING
18:09:33.444 [main] TRACE org.testng.internal.Graph - [Graph] ====== SORTED NODES
18:09:33.445 [main] TRACE org.testng.internal.Graph - [Graph] ====== END SORTED NODES
18:09:33.454 [main] TRACE org.testng.internal.Graph - [Graph] ADDING NODE BaseTest.tearDown()[pri:0, instance:null] 1361372951
18:09:33.454 [main] TRACE org.testng.internal.Graph - [Graph] ================ SORTING
18:09:33.455 [main] TRACE org.testng.internal.Graph - [Graph] =============== DONE SORTING
18:09:33.455 [main] TRACE org.testng.internal.Graph - [Graph] ====== SORTED NODES
18:09:33.455 [main] TRACE org.testng.internal.Graph - [Graph] ====== END SORTED NODES
18:09:33.473 [main] TRACE org.testng.internal.Graph - [Graph] ADDING NODE TC001_AccountRegistrationTest.verify_AccountRegistration()[pri:0, instance:TestCases.TC001_AccountRegistrationTest@275fe372] -1992785963
18:09:33.473 [main] TRACE org.testng.internal.Graph - [Graph] ================ SORTING
18:09:33.474 [main] TRACE org.testng.internal.Graph - [Graph] =============== DONE SORTING
18:09:33.474 [main] TRACE org.testng.internal.Graph - [Graph] ====== SORTED NODES
18:09:33.474 [main] TRACE org.testng.internal.Graph - [Graph] ====== END SORTED NODES
18:09:33.493 [main] INFO  org.testng.internal.Utils - [TestNG] Running:
  C:\Users\gramk\eclipse-workspace\PageOjectModel\master.xml

18:09:41.376 [main] INFO  TestCases.TC001_AccountRegistrationTest - ***Starting TC001_AccountRegistrationTest***
18:09:41.440 [main] INFO  TestCases.TC001_AccountRegistrationTest - clicking on the MyAccountLink
18:09:41.607 [main] INFO  TestCases.TC001_AccountRegistrationTest - clicking on the RegisterLink Link
18:09:41.971 [main] INFO  TestCases.TC001_AccountRegistrationTest - Providing the Customer details to register account
18:09:44.892 [main] INFO  TestCases.TC001_AccountRegistrationTest - Validating the confirmation Message
18:09:44.895 [main] INFO  TestCases.TC001_AccountRegistrationTest - ***Ending TC001_AccountRegistrationTest***
18:10:32.972 [main] DEBUG org.testng.TestNG - suiteXmlPath: "C:\Users\gramk\eclipse-workspace\PageOjectModel\master.xml"
18:10:33.395 [main] TRACE org.testng.internal.Graph - [Graph] ADDING NODE BaseTest.setUp(java.lang.String,java.lang.String)[pri:0, instance:null] -882242976
18:10:33.396 [main] TRACE org.testng.internal.Graph - [Graph] ================ SORTING
18:10:33.400 [main] TRACE org.testng.internal.Graph - [Graph] =============== DONE SORTING
18:10:33.400 [main] TRACE org.testng.internal.Graph - [Graph] ====== SORTED NODES
18:10:33.400 [main] TRACE org.testng.internal.Graph - [Graph] ====== END SORTED NODES
18:10:33.403 [main] TRACE org.testng.internal.Graph - [Graph] ADDING NODE BaseTest.tearDown()[pri:0, instance:null] 1361372951
18:10:33.404 [main] TRACE org.testng.internal.Graph - [Graph] ================ SORTING
18:10:33.404 [main] TRACE org.testng.internal.Graph - [Graph] =============== DONE SORTING
18:10:33.404 [main] TRACE org.testng.internal.Graph - [Graph] ====== SORTED NODES
18:10:33.404 [main] TRACE org.testng.internal.Graph - [Graph] ====== END SORTED NODES
18:10:33.417 [main] TRACE org.testng.internal.Graph - [Graph] ADDING NODE TC001_AccountRegistrationTest.verify_AccountRegistration()[pri:0, instance:TestCases.TC001_AccountRegistrationTest@792bbc74] -620472105
18:10:33.417 [main] TRACE org.testng.internal.Graph - [Graph] ================ SORTING
18:10:33.417 [main] TRACE org.testng.internal.Graph - [Graph] =============== DONE SORTING
18:10:33.418 [main] TRACE org.testng.internal.Graph - [Graph] ====== SORTED NODES
18:10:33.418 [main] TRACE org.testng.internal.Graph - [Graph] ====== END SORTED NODES
18:10:38.118 [main] INFO  TestCases.TC001_AccountRegistrationTest - ***Starting TC001_AccountRegistrationTest***
18:10:38.163 [main] INFO  TestCases.TC001_AccountRegistrationTest - clicking on the MyAccountLink
18:10:38.377 [main] INFO  TestCases.TC001_AccountRegistrationTest - clicking on the RegisterLink Link
18:10:38.810 [main] INFO  TestCases.TC001_AccountRegistrationTest - Providing the Customer details to register account
18:10:40.724 [main] INFO  TestCases.TC001_AccountRegistrationTest - Validating the confirmation Message
18:10:40.728 [main] INFO  TestCases.TC001_AccountRegistrationTest - ***Ending TC001_AccountRegistrationTest***
18:11:58.328 [main] DEBUG org.testng.TestNG - suiteXmlPath: "C:\Users\gramk\eclipse-workspace\PageOjectModel\master.xml"
18:11:58.768 [main] TRACE org.testng.internal.Graph - [Graph] ADDING NODE BaseTest.setUp(java.lang.String,java.lang.String)[pri:0, instance:null] -882242976
18:11:58.769 [main] TRACE org.testng.internal.Graph - [Graph] ================ SORTING
18:11:58.773 [main] TRACE org.testng.internal.Graph - [Graph] =============== DONE SORTING
18:11:58.774 [main] TRACE org.testng.internal.Graph - [Graph] ====== SORTED NODES
18:11:58.774 [main] TRACE org.testng.internal.Graph - [Graph] ====== END SORTED NODES
18:11:58.777 [main] TRACE org.testng.internal.Graph - [Graph] ADDING NODE BaseTest.tearDown()[pri:0, instance:null] 1361372951
18:11:58.777 [main] TRACE org.testng.internal.Graph - [Graph] ================ SORTING
18:11:58.777 [main] TRACE org.testng.internal.Graph - [Graph] =============== DONE SORTING
18:11:58.777 [main] TRACE org.testng.internal.Graph - [Graph] ====== SORTED NODES
18:11:58.777 [main] TRACE org.testng.internal.Graph - [Graph] ====== END SORTED NODES
18:11:58.793 [main] TRACE org.testng.internal.Graph - [Graph] ADDING NODE TC001_AccountRegistrationTest.verify_AccountRegistration()[pri:0, instance:TestCases.TC001_AccountRegistrationTest@3e5499cc] -1607649745
18:11:58.793 [main] TRACE org.testng.internal.Graph - [Graph] ================ SORTING
18:11:58.794 [main] TRACE org.testng.internal.Graph - [Graph] =============== DONE SORTING
18:11:58.794 [main] TRACE org.testng.internal.Graph - [Graph] ====== SORTED NODES
18:11:58.794 [main] TRACE org.testng.internal.Graph - [Graph] ====== END SORTED NODES
18:12:02.754 [main] INFO  TestCases.TC001_AccountRegistrationTest - ***Starting TC001_AccountRegistrationTest***
18:12:02.790 [main] INFO  TestCases.TC001_AccountRegistrationTest - clicking on the MyAccountLink
18:12:02.962 [main] INFO  TestCases.TC001_AccountRegistrationTest - clicking on the RegisterLink Link
18:12:03.353 [main] INFO  TestCases.TC001_AccountRegistrationTest - Providing the Customer details to register account
18:12:05.090 [main] INFO  TestCases.TC001_AccountRegistrationTest - Validating the confirmation Message
18:12:05.094 [main] INFO  TestCases.TC001_AccountRegistrationTest - ***Ending TC001_AccountRegistrationTest***
